

Microchip Technology PIC LITE Macro Assembler V1.43 build -156212558 
                                                                                               Sat Apr 14 06:33:46 2018

Microchip Technology Omniscient Code Generator v1.43 (Free mode) build 201707250354
     1                           	processor	12F675
     2                           	opt	pw 120
     3                           	opt	lm
     4                           	psect	cinit,global,class=CODE,merge=1,delta=2
     5                           	psect	cstackBANK0,global,class=BANK0,space=1,delta=1
     6                           	psect	maintext,global,class=CODE,split=1,delta=2
     7                           	psect	text1,local,class=CODE,merge=1,delta=2
     8  0000                     
     9                           ; Version 1.43
    10                           ; Generated 25/07/2017 GMT
    11                           ; 
    12                           ; Copyright © 2017, Microchip Technology Inc. and its subsidiaries ("Microchip")
    13                           ; All rights reserved.
    14                           ; 
    15                           ; This software is developed by Microchip Technology Inc. and its subsidiaries ("Microch
      +                          ip").
    16                           ; 
    17                           ; Redistribution and use in source and binary forms, with or without modification, are
    18                           ; permitted provided that the following conditions are met:
    19                           ; 
    20                           ;     1. Redistributions of source code must retain the above copyright notice, this lis
      +                          t of
    21                           ;        conditions and the following disclaimer.
    22                           ; 
    23                           ;     2. Redistributions in binary form must reproduce the above copyright notice, this 
      +                          list
    24                           ;        of conditions and the following disclaimer in the documentation and/or other
    25                           ;        materials provided with the distribution.
    26                           ; 
    27                           ;     3. Microchip's name may not be used to endorse or promote products derived from th
      +                          is
    28                           ;        software without specific prior written permission.
    29                           ; 
    30                           ; THIS SOFTWARE IS PROVIDED BY MICROCHIP "AS IS" AND ANY EXPRESS OR IMPLIED WARRANTIES,
    31                           ; INCLUDING, BUT NOT LIMITED TO, THE IMPLIED WARRANTIES OF MERCHANTABILITY AND FITNESS F
      +                          OR
    32                           ; PURPOSE ARE DISCLAIMED.  IN NO EVENT SHALL MICROCHIP BE LIABLE FOR ANY DIRECT, INDIREC
      +                          T,
    33                           ; INCIDENTAL, SPECIAL, EXEMPLARY, OR CONSEQUENTIAL DAMAGES (INCLUDING BUT NOT LIMITED TO
    34                           ; PROCUREMENT OF SUBSTITUTE GOODS OR SERVICES; LOSS OF USE, DATA OR PROFITS; OR BUSINESS
    35                           ; INTERRUPTION) HOWSOEVER CAUSED AND ON ANY THEORY OF LIABILITY, WHETHER IN CONTRACT, ST
      +                          RICT
    36                           ; LIABILITY, OR TORT (INCLUDING NEGLIGENCE OR OTHERWISE) ARISING IN ANY WAY OUT OF THE U
      +                          SE OF
    37                           ; THIS SOFTWARE, EVEN IF ADVISED OF THE POSSIBILITY OF SUCH DAMAGE.
    38                           ; 
    39                           ; 
    40                           ; Code-generator required, PIC12F675 Definitions
    41                           ; 
    42                           ; SFR Addresses
    43  0000                     	;# 
    44  0001                     	;# 
    45  0002                     	;# 
    46  0003                     	;# 
    47  0004                     	;# 
    48  0005                     	;# 
    49  000A                     	;# 
    50  000B                     	;# 
    51  000C                     	;# 
    52  000E                     	;# 
    53  000E                     	;# 
    54  000F                     	;# 
    55  0010                     	;# 
    56  0019                     	;# 
    57  001E                     	;# 
    58  001F                     	;# 
    59  0081                     	;# 
    60  0085                     	;# 
    61  008C                     	;# 
    62  008E                     	;# 
    63  0090                     	;# 
    64  0095                     	;# 
    65  0096                     	;# 
    66  0096                     	;# 
    67  0099                     	;# 
    68  009A                     	;# 
    69  009A                     	;# 
    70  009B                     	;# 
    71  009C                     	;# 
    72  009D                     	;# 
    73  009E                     	;# 
    74  009F                     	;# 
    75  0005                     _GPIO	set	5
    76  002A                     _GP2	set	42
    77  0029                     _GP1	set	41
    78  002D                     _GP5	set	45
    79  002C                     _GP4	set	44
    80  0096                     _IOC	set	150
    81  0095                     _WPU	set	149
    82  0085                     _TRISIO	set	133
    83                           
    84                           ; #config settings
    85  0000                     
    86                           	psect	cinit
    87  02FE                     start_initialization:	
    88  02FE                     __initialization:	
    89  02FE                     end_of_initialization:	
    90                           ;End of C runtime variable initialization code
    91                           
    92  02FE                     __end_of__initialization:	
    93  02FE  0183               	clrf	3
    94  02FF  2ADA               	ljmp	_main	;jump to C main() function
    95                           
    96                           	psect	cstackBANK0
    97  0020                     __pcstackBANK0:	
    98  0020                     ?_Basic_Init:	
    99  0020                     ??_Basic_Init:	
   100                           ; 1 bytes @ 0x0
   101                           
   102  0020                     ?_main:	
   103                           ; 1 bytes @ 0x0
   104                           
   105  0020                     ??_main:	
   106                           ; 1 bytes @ 0x0
   107                           
   108                           
   109                           ; 1 bytes @ 0x0
   110  0020                     	ds	3
   111                           
   112                           	psect	maintext
   113  02DA                     __pmaintext:	
   114 ;;
   115 ;;Main: autosize = 0, tempsize = 3, incstack = 0, save=0
   116 ;;
   117 ;; *************** function _main *****************
   118 ;; Defined at:
   119 ;;		line 11 in file "main.c"
   120 ;; Parameters:    Size  Location     Type
   121 ;;		None
   122 ;; Auto vars:     Size  Location     Type
   123 ;;		None
   124 ;; Return value:  Size  Location     Type
   125 ;;                  1    wreg      void 
   126 ;; Registers used:
   127 ;;		wreg, status,2, status,0, pclath, cstack
   128 ;; Tracked objects:
   129 ;;		On entry : B00/0
   130 ;;		On exit  : 0/0
   131 ;;		Unchanged: 0/0
   132 ;; Data sizes:      BANK0
   133 ;;      Params:         0
   134 ;;      Locals:         0
   135 ;;      Temps:          3
   136 ;;      Totals:         3
   137 ;;Total ram usage:        3 bytes
   138 ;; Hardware stack levels required when called:    1
   139 ;; This function calls:
   140 ;;		_Basic_Init
   141 ;; This function is called by:
   142 ;;		Startup code after reset
   143 ;; This function uses a non-reentrant model
   144 ;;
   145                           
   146                           
   147                           ;psect for function _main
   148  02DA                     _main:	
   149                           
   150                           ;main.c: 13: Basic_Init();
   151                           
   152                           ;incstack = 0
   153                           ; Regs used in _main: [wreg+status,2+status,0+pclath+cstack]
   154  02DA  22D3               	fcall	_Basic_Init
   155                           
   156                           ;main.c: 15: GP4 = 1;
   157  02DB  1283               	bcf	3,5	;RP0=0, select bank0
   158  02DC  1605               	bsf	5,4	;volatile
   159                           
   160                           ;main.c: 16: GP5 = 1;
   161  02DD  1685               	bsf	5,5	;volatile
   162                           
   163                           ;main.c: 17: GP1 = 1;
   164  02DE  1485               	bsf	5,1	;volatile
   165  02DF                     l501:	
   166                           ;main.c: 19: while(1)
   167                           
   168                           
   169                           ;main.c: 20: {
   170                           ;main.c: 21: GP2 = 1;
   171  02DF  1283               	bcf	3,5	;RP0=0, select bank0
   172  02E0  1505               	bsf	5,2	;volatile
   173                           
   174                           ;main.c: 22: _delay((unsigned long)((500)*(4000000/4000.0)));
   175  02E1  3003               	movlw	3
   176  02E2  00A2               	movwf	??_main+2
   177  02E3  308A               	movlw	138
   178  02E4  00A1               	movwf	??_main+1
   179  02E5  3055               	movlw	85
   180  02E6  00A0               	movwf	??_main
   181  02E7                     u17:	
   182  02E7  0BA0               	decfsz	??_main,f
   183  02E8  2AE7               	goto	u17
   184  02E9  0BA1               	decfsz	??_main+1,f
   185  02EA  2AE7               	goto	u17
   186  02EB  0BA2               	decfsz	??_main+2,f
   187  02EC  2AE7               	goto	u17
   188  02ED  2AEE               	nop2
   189                           
   190                           ;main.c: 23: GP2 = 0;
   191  02EE  1283               	bcf	3,5	;RP0=0, select bank0
   192  02EF  1105               	bcf	5,2	;volatile
   193                           
   194                           ;main.c: 24: _delay((unsigned long)((500)*(4000000/4000.0)));
   195  02F0  3003               	movlw	3
   196  02F1  00A2               	movwf	??_main+2
   197  02F2  308A               	movlw	138
   198  02F3  00A1               	movwf	??_main+1
   199  02F4  3055               	movlw	85
   200  02F5  00A0               	movwf	??_main
   201  02F6                     u27:	
   202  02F6  0BA0               	decfsz	??_main,f
   203  02F7  2AF6               	goto	u27
   204  02F8  0BA1               	decfsz	??_main+1,f
   205  02F9  2AF6               	goto	u27
   206  02FA  0BA2               	decfsz	??_main+2,f
   207  02FB  2AF6               	goto	u27
   208  02FC  2AFD               	nop2
   209  02FD  2ADF               	goto	l501
   210  02FE                     __end_of_main:	
   211                           
   212                           	psect	text1
   213  02D3                     __ptext1:	
   214 ;; *************** function _Basic_Init *****************
   215 ;; Defined at:
   216 ;;		line 28 in file "main.c"
   217 ;; Parameters:    Size  Location     Type
   218 ;;		None
   219 ;; Auto vars:     Size  Location     Type
   220 ;;		None
   221 ;; Return value:  Size  Location     Type
   222 ;;                  1    wreg      void 
   223 ;; Registers used:
   224 ;;		status,2
   225 ;; Tracked objects:
   226 ;;		On entry : 0/0
   227 ;;		On exit  : 0/0
   228 ;;		Unchanged: 0/0
   229 ;; Data sizes:      BANK0
   230 ;;      Params:         0
   231 ;;      Locals:         0
   232 ;;      Temps:          0
   233 ;;      Totals:         0
   234 ;;Total ram usage:        0 bytes
   235 ;; Hardware stack levels used:    1
   236 ;; This function calls:
   237 ;;		Nothing
   238 ;; This function is called by:
   239 ;;		_main
   240 ;; This function uses a non-reentrant model
   241 ;;
   242                           
   243                           
   244                           ;psect for function _Basic_Init
   245  02D3                     _Basic_Init:	
   246                           
   247                           ;main.c: 30: TRISIO = 0x00;
   248                           
   249                           ;incstack = 0
   250                           ; Regs used in _Basic_Init: [status,2]
   251  02D3  1683               	bsf	3,5	;RP0=1, select bank1
   252  02D4  0185               	clrf	5	;volatile
   253                           
   254                           ;main.c: 31: WPU = 0x00;
   255  02D5  0195               	clrf	21	;volatile
   256                           
   257                           ;main.c: 32: IOC = 0x00;
   258  02D6  0196               	clrf	22	;volatile
   259                           
   260                           ;main.c: 34: GPIO = 0x00;
   261  02D7  1283               	bcf	3,5	;RP0=0, select bank0
   262  02D8  0185               	clrf	5	;volatile
   263  02D9  0008               	return
   264  02DA                     __end_of_Basic_Init:	


Data Sizes:
    Strings     0
    Constant    0
    Data        0
    BSS         0
    Persistent  0
    Stack       0

Auto Spaces:
    Space          Size  Autos    Used
    BANK0            52      3       3

Pointer List with Targets:

    None.

Critical Paths under _main in BANK0

    None.

Call Graph Tables:

 ---------------------------------------------------------------------------------
 (Depth) Function   	        Calls       Base Space   Used Autos Params    Refs
 ---------------------------------------------------------------------------------
 (0) _main                                                 3     3      0       0
                                              0 BANK0      3     3      0
                         _Basic_Init
 ---------------------------------------------------------------------------------
 (1) _Basic_Init                                           0     0      0       0
 ---------------------------------------------------------------------------------
 Estimated maximum stack depth 1
 ---------------------------------------------------------------------------------

 Call Graph Graphs:

 _main (ROOT)
   _Basic_Init

 Address spaces:
Name               Size   Autos  Total    Cost      Usage
STACK                0      0       0       0        0.0%
EEDATA              80      0       0       0        0.0%
NULL                 0      0       0       0        0.0%
CODE                 0      0       0       0        0.0%
BITBANK0            34      0       0       1        0.0%
BITSFR0              0      0       0       1        0.0%
SFR0                 0      0       0       1        0.0%
BANK0               34      3       3       2        5.8%
BITSFR1              0      0       0       2        0.0%
SFR1                 0      0       0       2        0.0%
ABS                  0      0       0       3        0.0%
DATA                 0      0       0       4        0.0%


Microchip Technology PIC Macro Assembler V1.43 build -156212558 
Symbol Table                                                                                   Sat Apr 14 06:33:46 2018

            __CFG_CP$OFF 0000                       u17 02E7                       u27 02F6  
                    l501 02DF                      _GP1 0029                      _GP2 002A  
                    _GP4 002C                      _GP5 002D                      _IOC 0096  
           __CFG_CPD$OFF 0000                      _WPU 0095               _Basic_Init 02D3  
                   _GPIO 0005                     _main 02DA                     start 0001  
          __CFG_MCLRE$ON 0000                    ?_main 0020            __CFG_WDTE$OFF 0000  
         __CFG_BOREN$OFF 0000                    status 0003          __initialization 02FE  
           __end_of_main 02FE                   ??_main 0020              ?_Basic_Init 0020  
                 _TRISIO 0085           __CFG_PWRTE$OFF 0000  __end_of__initialization 02FE  
    __size_of_Basic_Init 0007               __pmaintext 02DA                  __ptext1 02D3  
           ??_Basic_Init 0020     end_of_initialization 02FE       __end_of_Basic_Init 02DA  
    start_initialization 02FE                ___latbits 0000            __pcstackBANK0 0020  
          __size_of_main 0024        __CFG_FOSC$INTRCIO 0000  
